[
  {
    "line": 2,
    "elements": [
      {
        "start_timestamp": "2021-08-06T10:41:10.118Z",
        "before": [
          {
            "result": {
              "duration": 781859000,
              "status": "passed"
            },
            "match": {
              "location": "com.fashionette.stepDefinitions.Hooks.setUp()"
            }
          }
        ],
        "line": 4,
        "name": "Customer can purchase",
        "description": "",
        "id": "add-a-product-to-the-cart-login--modify-user-name-and-apply-voucher;customer-can-purchase",
        "type": "scenario",
        "keyword": "Scenario",
        "steps": [
          {
            "result": {
              "duration": 4102079000,
              "status": "passed"
            },
            "line": 5,
            "name": "the customer is on the homePage",
            "match": {
              "location": "com.fashionette.stepDefinitions.PurchaseLoginSteps.theCustomerIsOnTheHomePage()"
            },
            "keyword": "Given "
          },
          {
            "result": {
              "duration": 1647635000,
              "status": "passed"
            },
            "line": 6,
            "name": "the customer navigates to shoes page to see available shoes",
            "match": {
              "location": "com.fashionette.stepDefinitions.PurchaseLoginSteps.theCustomerNavigatesToPageToSeeAvailableShoes()"
            },
            "keyword": "When "
          },
          {
            "result": {
              "duration": 4763341000,
              "status": "passed"
            },
            "line": 7,
            "name": "the customer selects desired item",
            "match": {
              "location": "com.fashionette.stepDefinitions.PurchaseLoginSteps.theCustomerSelectsOneShoesNamed()"
            },
            "keyword": "And "
          },
          {
            "result": {
              "duration": 314916000,
              "status": "passed"
            },
            "line": 8,
            "name": "the customer clicks add to cart button",
            "match": {
              "location": "com.fashionette.stepDefinitions.PurchaseLoginSteps.theCustomerClickAddToCartButton()"
            },
            "keyword": "And "
          },
          {
            "result": {
              "duration": 247951000,
              "status": "passed"
            },
            "line": 9,
            "name": "the customer navigates to login page",
            "match": {
              "location": "com.fashionette.stepDefinitions.PurchaseLoginSteps.theCustomerNavigatesToLoginPage()"
            },
            "keyword": "And "
          },
          {
            "result": {
              "duration": 2650115000,
              "status": "passed"
            },
            "line": 10,
            "name": "the customer logged in with valid \"email\" and \"password\"",
            "match": {
              "arguments": [
                {
                  "val": "\"email\"",
                  "offset": 34
                },
                {
                  "val": "\"password\"",
                  "offset": 46
                }
              ],
              "location": "com.fashionette.stepDefinitions.PurchaseLoginSteps.theCustomerLoggedInWithValidAnd(java.lang.String,java.lang.String)"
            },
            "keyword": "And "
          },
          {
            "result": {
              "duration": 1730969000,
              "status": "passed"
            },
            "line": 11,
            "name": "the customer clicks go to card button",
            "match": {
              "location": "com.fashionette.stepDefinitions.PurchaseLoginSteps.theCustomerClicksGoToCardButton()"
            },
            "keyword": "And "
          },
          {
            "result": {
              "error_message": "java.lang.AssertionError: expected:\u003c55.599998474121094\u003e but was:\u003c111.19999694824219\u003e\n\tat org.junit.Assert.fail(Assert.java:89)\n\tat org.junit.Assert.failNotEquals(Assert.java:835)\n\tat org.junit.Assert.assertEquals(Assert.java:555)\n\tat org.junit.Assert.assertEquals(Assert.java:685)\n\tat com.fashionette.uipages.Order_loginPage.assert_prices(Order_loginPage.java:179)\n\tat com.fashionette.stepDefinitions.PurchaseLoginSteps.thePriceAndNameOfProductsVerified(PurchaseLoginSteps.java:66)\n\tat ✽.the price of and name of  product verified(file:///home/cihan/Desktop/projects/Javamaven/fashinebdd/src/test/resources/features/purchase.feature:12)\n",
              "duration": 1861000,
              "status": "failed"
            },
            "line": 12,
            "name": "the price of and name of  product verified",
            "match": {
              "location": "com.fashionette.stepDefinitions.PurchaseLoginSteps.thePriceAndNameOfProductsVerified()"
            },
            "keyword": "Then "
          }
        ],
        "tags": [
          {
            "name": "@smoke"
          }
        ]
      },
      {
        "start_timestamp": "2021-08-06T10:41:26.403Z",
        "before": [
          {
            "result": {
              "duration": 187847000,
              "status": "passed"
            },
            "match": {
              "location": "com.fashionette.stepDefinitions.Hooks.setUp()"
            }
          }
        ],
        "line": 16,
        "name": "Modify user information",
        "description": "",
        "id": "add-a-product-to-the-cart-login--modify-user-name-and-apply-voucher;modify-user-information",
        "type": "scenario",
        "keyword": "Scenario",
        "steps": [
          {
            "result": {
              "error_message": "org.openqa.selenium.TimeoutException: Expected condition failed: waiting for element to be clickable: Proxy element for: DefaultElementLocator \u0027By.id: uc-btn-accept-banner\u0027 (tried for 3 second(s) with 500 milliseconds interval)\n\tat org.openqa.selenium.support.ui.WebDriverWait.timeoutException(WebDriverWait.java:95)\n\tat org.openqa.selenium.support.ui.FluentWait.until(FluentWait.java:272)\n\tat com.fashionette.uipages.Base.waitForClickablility(Base.java:66)\n\tat com.fashionette.uipages.Order_loginPage.main_page(Order_loginPage.java:67)\n\tat com.fashionette.stepDefinitions.PurchaseLoginSteps.theCustomerIsOnTheHomePage(PurchaseLoginSteps.java:16)\n\tat ✽.the customer is on the homePage(file:///home/cihan/Desktop/projects/Javamaven/fashinebdd/src/test/resources/features/purchase.feature:17)\nCaused by: org.openqa.selenium.NoSuchElementException: no such element: Unable to locate element: {\"method\":\"css selector\",\"selector\":\"#uc\\-btn\\-accept\\-banner\"}\n  (Session info: chrome\u003d86.0.4240.75)\nFor documentation on this error, please visit: https://www.seleniumhq.org/exceptions/no_such_element.html\nBuild info: version: \u00273.141.59\u0027, revision: \u0027e82be7d358\u0027, time: \u00272018-11-14T08:17:03\u0027\nSystem info: host: \u0027cihan-Lenovo-IdeaPad-S540-15IML\u0027, ip: \u0027127.0.1.1\u0027, os.name: \u0027Linux\u0027, os.arch: \u0027amd64\u0027, os.version: \u00275.4.0-80-generic\u0027, java.version: \u002711.0.11\u0027\nDriver info: org.openqa.selenium.chrome.ChromeDriver\nCapabilities {acceptInsecureCerts: false, browserName: chrome, browserVersion: 86.0.4240.75, chrome: {chromedriverVersion: 86.0.4240.22 (398b0743353ff..., userDataDir: /tmp/.com.google.Chrome.GHPjYd}, goog:chromeOptions: {debuggerAddress: localhost:36755}, javascriptEnabled: true, networkConnectionEnabled: false, pageLoadStrategy: normal, platform: LINUX, platformName: LINUX, proxy: Proxy(), setWindowRect: true, strictFileInteractability: false, timeouts: {implicit: 0, pageLoad: 300000, script: 30000}, unhandledPromptBehavior: dismiss and notify, webauthn:virtualAuthenticators: true}\nSession ID: b41348685c94c4d11f7abe7205fb3e55\n*** Element info: {Using\u003did, value\u003duc-btn-accept-banner}\n\tat java.base/jdk.internal.reflect.NativeConstructorAccessorImpl.newInstance0(Native Method)\n\tat java.base/jdk.internal.reflect.NativeConstructorAccessorImpl.newInstance(NativeConstructorAccessorImpl.java:62)\n\tat java.base/jdk.internal.reflect.DelegatingConstructorAccessorImpl.newInstance(DelegatingConstructorAccessorImpl.java:45)\n\tat java.base/java.lang.reflect.Constructor.newInstance(Constructor.java:490)\n\tat org.openqa.selenium.remote.http.W3CHttpResponseCodec.createException(W3CHttpResponseCodec.java:187)\n\tat org.openqa.selenium.remote.http.W3CHttpResponseCodec.decode(W3CHttpResponseCodec.java:122)\n\tat org.openqa.selenium.remote.http.W3CHttpResponseCodec.decode(W3CHttpResponseCodec.java:49)\n\tat org.openqa.selenium.remote.HttpCommandExecutor.execute(HttpCommandExecutor.java:158)\n\tat org.openqa.selenium.remote.service.DriverCommandExecutor.execute(DriverCommandExecutor.java:83)\n\tat org.openqa.selenium.remote.RemoteWebDriver.execute(RemoteWebDriver.java:552)\n\tat org.openqa.selenium.remote.RemoteWebDriver.findElement(RemoteWebDriver.java:323)\n\tat org.openqa.selenium.remote.RemoteWebDriver.findElementById(RemoteWebDriver.java:372)\n\tat org.openqa.selenium.By$ById.findElement(By.java:188)\n\tat org.openqa.selenium.remote.RemoteWebDriver.findElement(RemoteWebDriver.java:315)\n\tat org.openqa.selenium.support.pagefactory.DefaultElementLocator.findElement(DefaultElementLocator.java:69)\n\tat org.openqa.selenium.support.pagefactory.internal.LocatingElementHandler.invoke(LocatingElementHandler.java:38)\n\tat com.sun.proxy.$Proxy20.isDisplayed(Unknown Source)\n\tat org.openqa.selenium.support.ui.ExpectedConditions.elementIfVisible(ExpectedConditions.java:314)\n\tat org.openqa.selenium.support.ui.ExpectedConditions.access$000(ExpectedConditions.java:43)\n\tat org.openqa.selenium.support.ui.ExpectedConditions$10.apply(ExpectedConditions.java:300)\n\tat org.openqa.selenium.support.ui.ExpectedConditions$10.apply(ExpectedConditions.java:297)\n\tat org.openqa.selenium.support.ui.ExpectedConditions$23.apply(ExpectedConditions.java:670)\n\tat org.openqa.selenium.support.ui.ExpectedConditions$23.apply(ExpectedConditions.java:666)\n\tat org.openqa.selenium.support.ui.FluentWait.until(FluentWait.java:249)\n\tat com.fashionette.uipages.Base.waitForClickablility(Base.java:66)\n\tat com.fashionette.uipages.Order_loginPage.main_page(Order_loginPage.java:67)\n\tat com.fashionette.stepDefinitions.PurchaseLoginSteps.theCustomerIsOnTheHomePage(PurchaseLoginSteps.java:16)\n\tat java.base/jdk.internal.reflect.NativeMethodAccessorImpl.invoke0(Native Method)\n\tat java.base/jdk.internal.reflect.NativeMethodAccessorImpl.invoke(NativeMethodAccessorImpl.java:62)\n\tat java.base/jdk.internal.reflect.DelegatingMethodAccessorImpl.invoke(DelegatingMethodAccessorImpl.java:43)\n\tat java.base/java.lang.reflect.Method.invoke(Method.java:566)\n\tat io.cucumber.java.Invoker.invoke(Invoker.java:27)\n\tat io.cucumber.java.JavaStepDefinition.execute(JavaStepDefinition.java:27)\n\tat io.cucumber.core.runner.PickleStepDefinitionMatch.runStep(PickleStepDefinitionMatch.java:63)\n\tat io.cucumber.core.runner.TestStep.executeStep(TestStep.java:64)\n\tat io.cucumber.core.runner.TestStep.run(TestStep.java:49)\n\tat io.cucumber.core.runner.PickleStepTestStep.run(PickleStepTestStep.java:46)\n\tat io.cucumber.core.runner.TestCase.run(TestCase.java:51)\n\tat io.cucumber.core.runner.Runner.runPickle(Runner.java:67)\n\tat io.cucumber.junit.PickleRunners$NoStepDescriptions.run(PickleRunners.java:149)\n\tat io.cucumber.junit.FeatureRunner.runChild(FeatureRunner.java:83)\n\tat io.cucumber.junit.FeatureRunner.runChild(FeatureRunner.java:24)\n\tat org.junit.runners.ParentRunner$4.run(ParentRunner.java:331)\n\tat org.junit.runners.ParentRunner$1.schedule(ParentRunner.java:79)\n\tat org.junit.runners.ParentRunner.runChildren(ParentRunner.java:329)\n\tat org.junit.runners.ParentRunner.access$100(ParentRunner.java:66)\n\tat org.junit.runners.ParentRunner$2.evaluate(ParentRunner.java:293)\n\tat org.junit.runners.ParentRunner$3.evaluate(ParentRunner.java:306)\n\tat org.junit.runners.ParentRunner.run(ParentRunner.java:413)\n\tat io.cucumber.junit.Cucumber.runChild(Cucumber.java:185)\n\tat io.cucumber.junit.Cucumber.runChild(Cucumber.java:83)\n\tat org.junit.runners.ParentRunner$4.run(ParentRunner.java:331)\n\tat org.junit.runners.ParentRunner$1.schedule(ParentRunner.java:79)\n\tat org.junit.runners.ParentRunner.runChildren(ParentRunner.java:329)\n\tat org.junit.runners.ParentRunner.access$100(ParentRunner.java:66)\n\tat org.junit.runners.ParentRunner$2.evaluate(ParentRunner.java:293)\n\tat io.cucumber.junit.Cucumber$RunCucumber.evaluate(Cucumber.java:219)\n\tat org.junit.runners.ParentRunner$3.evaluate(ParentRunner.java:306)\n\tat org.junit.runners.ParentRunner.run(ParentRunner.java:413)\n\tat org.junit.runner.JUnitCore.run(JUnitCore.java:137)\n\tat org.junit.runner.JUnitCore.run(JUnitCore.java:115)\n\tat org.testng.junit.JUnit4TestRunner.start(JUnit4TestRunner.java:74)\n\tat org.testng.junit.JUnit4TestRunner.run(JUnit4TestRunner.java:65)\n\tat org.testng.TestRunner$1.run(TestRunner.java:652)\n\tat java.base/java.util.ArrayList.forEach(ArrayList.java:1541)\n\tat org.testng.TestRunner.runJUnitWorkers(TestRunner.java:843)\n\tat org.testng.TestRunner.privateRunJUnit(TestRunner.java:681)\n\tat org.testng.TestRunner.run(TestRunner.java:585)\n\tat org.testng.SuiteRunner.runTest(SuiteRunner.java:384)\n\tat org.testng.SuiteRunner.runSequentially(SuiteRunner.java:378)\n\tat org.testng.SuiteRunner.privateRun(SuiteRunner.java:337)\n\tat org.testng.SuiteRunner.run(SuiteRunner.java:286)\n\tat org.testng.SuiteRunnerWorker.runSuite(SuiteRunnerWorker.java:53)\n\tat org.testng.SuiteRunnerWorker.run(SuiteRunnerWorker.java:96)\n\tat org.testng.TestNG.runSuitesSequentially(TestNG.java:1187)\n\tat org.testng.TestNG.runSuitesLocally(TestNG.java:1109)\n\tat org.testng.TestNG.runSuites(TestNG.java:1039)\n\tat org.testng.TestNG.run(TestNG.java:1007)\n\tat org.apache.maven.surefire.testng.TestNGExecutor.run(TestNGExecutor.java:135)\n\tat org.apache.maven.surefire.testng.TestNGDirectoryTestSuite.executeMulti(TestNGDirectoryTestSuite.java:198)\n\tat org.apache.maven.surefire.testng.TestNGDirectoryTestSuite.execute(TestNGDirectoryTestSuite.java:94)\n\tat org.apache.maven.surefire.testng.TestNGProvider.invoke(TestNGProvider.java:146)\n\tat org.apache.maven.surefire.booter.ForkedBooter.runSuitesInProcess(ForkedBooter.java:377)\n\tat org.apache.maven.surefire.booter.ForkedBooter.execute(ForkedBooter.java:138)\n\tat org.apache.maven.surefire.booter.ForkedBooter.run(ForkedBooter.java:465)\n\tat org.apache.maven.surefire.booter.ForkedBooter.main(ForkedBooter.java:451)\n",
              "duration": 4110225000,
              "status": "failed"
            },
            "line": 17,
            "name": "the customer is on the homePage",
            "match": {
              "location": "com.fashionette.stepDefinitions.PurchaseLoginSteps.theCustomerIsOnTheHomePage()"
            },
            "keyword": "Given "
          },
          {
            "result": {
              "duration": 325000,
              "status": "skipped"
            },
            "line": 18,
            "name": "the customer navigates to login page",
            "match": {
              "location": "com.fashionette.stepDefinitions.PurchaseLoginSteps.theCustomerNavigatesToLoginPage()"
            },
            "keyword": "When "
          },
          {
            "result": {
              "duration": 413000,
              "status": "skipped"
            },
            "line": 19,
            "name": "the customer logged in with valid \"email\" and \"password\"",
            "match": {
              "arguments": [
                {
                  "val": "\"email\"",
                  "offset": 34
                },
                {
                  "val": "\"password\"",
                  "offset": 46
                }
              ],
              "location": "com.fashionette.stepDefinitions.PurchaseLoginSteps.theCustomerLoggedInWithValidAnd(java.lang.String,java.lang.String)"
            },
            "keyword": "And "
          },
          {
            "result": {
              "duration": 292000,
              "status": "skipped"
            },
            "line": 20,
            "name": "the customer navigates to personal data section",
            "match": {
              "location": "com.fashionette.stepDefinitions.PersonalDataEditSteps.theCustomerNavigatesToPersonalDataSection()"
            },
            "keyword": "And "
          },
          {
            "result": {
              "duration": 311000,
              "status": "skipped"
            },
            "line": 21,
            "name": "the customer clicks edit button to make changes",
            "match": {
              "location": "com.fashionette.stepDefinitions.PersonalDataEditSteps.theCustomerClickEditButtonToMakeChanges()"
            },
            "keyword": "And "
          },
          {
            "result": {
              "duration": 285000,
              "status": "skipped"
            },
            "line": 22,
            "name": "the customer selects Mr box as a title",
            "match": {
              "location": "com.fashionette.stepDefinitions.PersonalDataEditSteps.theCustomerSelectsMrBoxAsATitle()"
            },
            "keyword": "And "
          },
          {
            "result": {
              "duration": 281000,
              "status": "skipped"
            },
            "line": 23,
            "name": "the customer modifies first and last name and save changes",
            "match": {
              "location": "com.fashionette.stepDefinitions.PersonalDataEditSteps.theCustomerModifiesFirstAndLastName()"
            },
            "keyword": "And "
          },
          {
            "result": {
              "duration": 245000,
              "status": "skipped"
            },
            "line": 24,
            "name": "it is verified that changes were applied correctly",
            "match": {
              "location": "com.fashionette.stepDefinitions.PersonalDataEditSteps.itIsVerifiedThatChangesWereAppliedCorrectly()"
            },
            "keyword": "Then "
          }
        ],
        "tags": [
          {
            "name": "@modify"
          },
          {
            "name": "@smoke"
          }
        ]
      },
      {
        "start_timestamp": "2021-08-06T10:41:30.716Z",
        "before": [
          {
            "result": {
              "duration": 128136000,
              "status": "passed"
            },
            "match": {
              "location": "com.fashionette.stepDefinitions.Hooks.setUp()"
            }
          }
        ],
        "line": 27,
        "name": "Apply a voucher",
        "description": "",
        "id": "add-a-product-to-the-cart-login--modify-user-name-and-apply-voucher;apply-a-voucher",
        "type": "scenario",
        "keyword": "Scenario",
        "steps": [
          {
            "result": {
              "error_message": "org.openqa.selenium.TimeoutException: Expected condition failed: waiting for element to be clickable: Proxy element for: DefaultElementLocator \u0027By.id: uc-btn-accept-banner\u0027 (tried for 3 second(s) with 500 milliseconds interval)\n\tat org.openqa.selenium.support.ui.WebDriverWait.timeoutException(WebDriverWait.java:95)\n\tat org.openqa.selenium.support.ui.FluentWait.until(FluentWait.java:272)\n\tat com.fashionette.uipages.Base.waitForClickablility(Base.java:66)\n\tat com.fashionette.uipages.Order_loginPage.main_page(Order_loginPage.java:67)\n\tat com.fashionette.stepDefinitions.PurchaseLoginSteps.theCustomerIsOnTheHomePage(PurchaseLoginSteps.java:16)\n\tat ✽.the customer is on the homePage(file:///home/cihan/Desktop/projects/Javamaven/fashinebdd/src/test/resources/features/purchase.feature:28)\nCaused by: org.openqa.selenium.NoSuchElementException: no such element: Unable to locate element: {\"method\":\"css selector\",\"selector\":\"#uc\\-btn\\-accept\\-banner\"}\n  (Session info: chrome\u003d86.0.4240.75)\nFor documentation on this error, please visit: https://www.seleniumhq.org/exceptions/no_such_element.html\nBuild info: version: \u00273.141.59\u0027, revision: \u0027e82be7d358\u0027, time: \u00272018-11-14T08:17:03\u0027\nSystem info: host: \u0027cihan-Lenovo-IdeaPad-S540-15IML\u0027, ip: \u0027127.0.1.1\u0027, os.name: \u0027Linux\u0027, os.arch: \u0027amd64\u0027, os.version: \u00275.4.0-80-generic\u0027, java.version: \u002711.0.11\u0027\nDriver info: org.openqa.selenium.chrome.ChromeDriver\nCapabilities {acceptInsecureCerts: false, browserName: chrome, browserVersion: 86.0.4240.75, chrome: {chromedriverVersion: 86.0.4240.22 (398b0743353ff..., userDataDir: /tmp/.com.google.Chrome.GHPjYd}, goog:chromeOptions: {debuggerAddress: localhost:36755}, javascriptEnabled: true, networkConnectionEnabled: false, pageLoadStrategy: normal, platform: LINUX, platformName: LINUX, proxy: Proxy(), setWindowRect: true, strictFileInteractability: false, timeouts: {implicit: 0, pageLoad: 300000, script: 30000}, unhandledPromptBehavior: dismiss and notify, webauthn:virtualAuthenticators: true}\nSession ID: b41348685c94c4d11f7abe7205fb3e55\n*** Element info: {Using\u003did, value\u003duc-btn-accept-banner}\n\tat java.base/jdk.internal.reflect.NativeConstructorAccessorImpl.newInstance0(Native Method)\n\tat java.base/jdk.internal.reflect.NativeConstructorAccessorImpl.newInstance(NativeConstructorAccessorImpl.java:62)\n\tat java.base/jdk.internal.reflect.DelegatingConstructorAccessorImpl.newInstance(DelegatingConstructorAccessorImpl.java:45)\n\tat java.base/java.lang.reflect.Constructor.newInstance(Constructor.java:490)\n\tat org.openqa.selenium.remote.http.W3CHttpResponseCodec.createException(W3CHttpResponseCodec.java:187)\n\tat org.openqa.selenium.remote.http.W3CHttpResponseCodec.decode(W3CHttpResponseCodec.java:122)\n\tat org.openqa.selenium.remote.http.W3CHttpResponseCodec.decode(W3CHttpResponseCodec.java:49)\n\tat org.openqa.selenium.remote.HttpCommandExecutor.execute(HttpCommandExecutor.java:158)\n\tat org.openqa.selenium.remote.service.DriverCommandExecutor.execute(DriverCommandExecutor.java:83)\n\tat org.openqa.selenium.remote.RemoteWebDriver.execute(RemoteWebDriver.java:552)\n\tat org.openqa.selenium.remote.RemoteWebDriver.findElement(RemoteWebDriver.java:323)\n\tat org.openqa.selenium.remote.RemoteWebDriver.findElementById(RemoteWebDriver.java:372)\n\tat org.openqa.selenium.By$ById.findElement(By.java:188)\n\tat org.openqa.selenium.remote.RemoteWebDriver.findElement(RemoteWebDriver.java:315)\n\tat org.openqa.selenium.support.pagefactory.DefaultElementLocator.findElement(DefaultElementLocator.java:69)\n\tat org.openqa.selenium.support.pagefactory.internal.LocatingElementHandler.invoke(LocatingElementHandler.java:38)\n\tat com.sun.proxy.$Proxy20.isDisplayed(Unknown Source)\n\tat org.openqa.selenium.support.ui.ExpectedConditions.elementIfVisible(ExpectedConditions.java:314)\n\tat org.openqa.selenium.support.ui.ExpectedConditions.access$000(ExpectedConditions.java:43)\n\tat org.openqa.selenium.support.ui.ExpectedConditions$10.apply(ExpectedConditions.java:300)\n\tat org.openqa.selenium.support.ui.ExpectedConditions$10.apply(ExpectedConditions.java:297)\n\tat org.openqa.selenium.support.ui.ExpectedConditions$23.apply(ExpectedConditions.java:670)\n\tat org.openqa.selenium.support.ui.ExpectedConditions$23.apply(ExpectedConditions.java:666)\n\tat org.openqa.selenium.support.ui.FluentWait.until(FluentWait.java:249)\n\tat com.fashionette.uipages.Base.waitForClickablility(Base.java:66)\n\tat com.fashionette.uipages.Order_loginPage.main_page(Order_loginPage.java:67)\n\tat com.fashionette.stepDefinitions.PurchaseLoginSteps.theCustomerIsOnTheHomePage(PurchaseLoginSteps.java:16)\n\tat java.base/jdk.internal.reflect.NativeMethodAccessorImpl.invoke0(Native Method)\n\tat java.base/jdk.internal.reflect.NativeMethodAccessorImpl.invoke(NativeMethodAccessorImpl.java:62)\n\tat java.base/jdk.internal.reflect.DelegatingMethodAccessorImpl.invoke(DelegatingMethodAccessorImpl.java:43)\n\tat java.base/java.lang.reflect.Method.invoke(Method.java:566)\n\tat io.cucumber.java.Invoker.invoke(Invoker.java:27)\n\tat io.cucumber.java.JavaStepDefinition.execute(JavaStepDefinition.java:27)\n\tat io.cucumber.core.runner.PickleStepDefinitionMatch.runStep(PickleStepDefinitionMatch.java:63)\n\tat io.cucumber.core.runner.TestStep.executeStep(TestStep.java:64)\n\tat io.cucumber.core.runner.TestStep.run(TestStep.java:49)\n\tat io.cucumber.core.runner.PickleStepTestStep.run(PickleStepTestStep.java:46)\n\tat io.cucumber.core.runner.TestCase.run(TestCase.java:51)\n\tat io.cucumber.core.runner.Runner.runPickle(Runner.java:67)\n\tat io.cucumber.junit.PickleRunners$NoStepDescriptions.run(PickleRunners.java:149)\n\tat io.cucumber.junit.FeatureRunner.runChild(FeatureRunner.java:83)\n\tat io.cucumber.junit.FeatureRunner.runChild(FeatureRunner.java:24)\n\tat org.junit.runners.ParentRunner$4.run(ParentRunner.java:331)\n\tat org.junit.runners.ParentRunner$1.schedule(ParentRunner.java:79)\n\tat org.junit.runners.ParentRunner.runChildren(ParentRunner.java:329)\n\tat org.junit.runners.ParentRunner.access$100(ParentRunner.java:66)\n\tat org.junit.runners.ParentRunner$2.evaluate(ParentRunner.java:293)\n\tat org.junit.runners.ParentRunner$3.evaluate(ParentRunner.java:306)\n\tat org.junit.runners.ParentRunner.run(ParentRunner.java:413)\n\tat io.cucumber.junit.Cucumber.runChild(Cucumber.java:185)\n\tat io.cucumber.junit.Cucumber.runChild(Cucumber.java:83)\n\tat org.junit.runners.ParentRunner$4.run(ParentRunner.java:331)\n\tat org.junit.runners.ParentRunner$1.schedule(ParentRunner.java:79)\n\tat org.junit.runners.ParentRunner.runChildren(ParentRunner.java:329)\n\tat org.junit.runners.ParentRunner.access$100(ParentRunner.java:66)\n\tat org.junit.runners.ParentRunner$2.evaluate(ParentRunner.java:293)\n\tat io.cucumber.junit.Cucumber$RunCucumber.evaluate(Cucumber.java:219)\n\tat org.junit.runners.ParentRunner$3.evaluate(ParentRunner.java:306)\n\tat org.junit.runners.ParentRunner.run(ParentRunner.java:413)\n\tat org.junit.runner.JUnitCore.run(JUnitCore.java:137)\n\tat org.junit.runner.JUnitCore.run(JUnitCore.java:115)\n\tat org.testng.junit.JUnit4TestRunner.start(JUnit4TestRunner.java:74)\n\tat org.testng.junit.JUnit4TestRunner.run(JUnit4TestRunner.java:65)\n\tat org.testng.TestRunner$1.run(TestRunner.java:652)\n\tat java.base/java.util.ArrayList.forEach(ArrayList.java:1541)\n\tat org.testng.TestRunner.runJUnitWorkers(TestRunner.java:843)\n\tat org.testng.TestRunner.privateRunJUnit(TestRunner.java:681)\n\tat org.testng.TestRunner.run(TestRunner.java:585)\n\tat org.testng.SuiteRunner.runTest(SuiteRunner.java:384)\n\tat org.testng.SuiteRunner.runSequentially(SuiteRunner.java:378)\n\tat org.testng.SuiteRunner.privateRun(SuiteRunner.java:337)\n\tat org.testng.SuiteRunner.run(SuiteRunner.java:286)\n\tat org.testng.SuiteRunnerWorker.runSuite(SuiteRunnerWorker.java:53)\n\tat org.testng.SuiteRunnerWorker.run(SuiteRunnerWorker.java:96)\n\tat org.testng.TestNG.runSuitesSequentially(TestNG.java:1187)\n\tat org.testng.TestNG.runSuitesLocally(TestNG.java:1109)\n\tat org.testng.TestNG.runSuites(TestNG.java:1039)\n\tat org.testng.TestNG.run(TestNG.java:1007)\n\tat org.apache.maven.surefire.testng.TestNGExecutor.run(TestNGExecutor.java:135)\n\tat org.apache.maven.surefire.testng.TestNGDirectoryTestSuite.executeMulti(TestNGDirectoryTestSuite.java:198)\n\tat org.apache.maven.surefire.testng.TestNGDirectoryTestSuite.execute(TestNGDirectoryTestSuite.java:94)\n\tat org.apache.maven.surefire.testng.TestNGProvider.invoke(TestNGProvider.java:146)\n\tat org.apache.maven.surefire.booter.ForkedBooter.runSuitesInProcess(ForkedBooter.java:377)\n\tat org.apache.maven.surefire.booter.ForkedBooter.execute(ForkedBooter.java:138)\n\tat org.apache.maven.surefire.booter.ForkedBooter.run(ForkedBooter.java:465)\n\tat org.apache.maven.surefire.booter.ForkedBooter.main(ForkedBooter.java:451)\n",
              "duration": 4222346000,
              "status": "failed"
            },
            "line": 28,
            "name": "the customer is on the homePage",
            "match": {
              "location": "com.fashionette.stepDefinitions.PurchaseLoginSteps.theCustomerIsOnTheHomePage()"
            },
            "keyword": "Given "
          },
          {
            "result": {
              "duration": 574000,
              "status": "skipped"
            },
            "line": 29,
            "name": "the customer navigates to shoes page to see available shoes",
            "match": {
              "location": "com.fashionette.stepDefinitions.PurchaseLoginSteps.theCustomerNavigatesToPageToSeeAvailableShoes()"
            },
            "keyword": "When "
          },
          {
            "result": {
              "duration": 405000,
              "status": "skipped"
            },
            "line": 30,
            "name": "the customer selects desired item",
            "match": {
              "location": "com.fashionette.stepDefinitions.PurchaseLoginSteps.theCustomerSelectsOneShoesNamed()"
            },
            "keyword": "And "
          },
          {
            "result": {
              "duration": 350000,
              "status": "skipped"
            },
            "line": 31,
            "name": "the customer clicks add to cart button",
            "match": {
              "location": "com.fashionette.stepDefinitions.PurchaseLoginSteps.theCustomerClickAddToCartButton()"
            },
            "keyword": "And "
          },
          {
            "result": {
              "duration": 344000,
              "status": "skipped"
            },
            "line": 32,
            "name": "the customer clicks go to card button",
            "match": {
              "location": "com.fashionette.stepDefinitions.PurchaseLoginSteps.theCustomerClicksGoToCardButton()"
            },
            "keyword": "And "
          },
          {
            "result": {
              "duration": 448000,
              "status": "skipped"
            },
            "line": 33,
            "name": "the customer clicks voucher section",
            "match": {
              "location": "com.fashionette.stepDefinitions.VoucherSteps.theCustomerClicksVoucherSection()"
            },
            "keyword": "And "
          },
          {
            "result": {
              "duration": 633000,
              "status": "skipped"
            },
            "line": 34,
            "name": "the customer enters valid \"coupon\" and clicks redeem  button",
            "match": {
              "arguments": [
                {
                  "val": "\"coupon\"",
                  "offset": 26
                }
              ],
              "location": "com.fashionette.stepDefinitions.VoucherSteps.theCustomerEntersValidAndClicksRedeemButton(java.lang.String)"
            },
            "keyword": "And "
          },
          {
            "result": {
              "duration": 354000,
              "status": "skipped"
            },
            "line": 35,
            "name": "it is verified that voucher applied correctly",
            "match": {
              "location": "com.fashionette.stepDefinitions.VoucherSteps.itIsVerifiedThatVoucherAppliedCorrectly()"
            },
            "keyword": "Then "
          }
        ],
        "tags": [
          {
            "name": "@smoke"
          },
          {
            "name": "@voucher"
          }
        ]
      }
    ],
    "name": "Add a product to the cart,login, modify user name and apply voucher",
    "description": "",
    "id": "add-a-product-to-the-cart-login--modify-user-name-and-apply-voucher",
    "keyword": "Feature",
    "uri": "file:src/test/resources/features/purchase.feature",
    "tags": []
  }
]